<?xml version="1.0" encoding="UTF-8"?>
<testsuite xmlns:xsi="http://www.w3.org/2001/XMLSchema-instance" xsi:noNamespaceSchemaLocation="https://maven.apache.org/surefire/maven-surefire-plugin/xsd/surefire-test-report-3.0.xsd" version="3.0" name="com.augustogp.nutrifit.food_item.FoodItemServiceApplicationTests" time="16.373" tests="3" errors="0" skipped="0" failures="0">
  <properties>
[...]
</properties>
  <testcase name="shouldUpdateFoodItem" classname="com.augustogp.nutrifit.food_item.FoodItemServiceApplicationTests" time="1.659">
    <system-out><![CDATA[20:35:22.477 [main] INFO org.springframework.test.context.support.AnnotationConfigContextLoaderUtils -- Could not detect default configuration classes for test class [com.augustogp.nutrifit.food_item.FoodItemServiceApplicationTests]: FoodItemServiceApplicationTests does not declare any static, non-private, non-final, nested classes annotated with @Configuration.
20:35:22.634 [main] INFO org.springframework.boot.test.context.SpringBootTestContextBootstrapper -- Found @SpringBootConfiguration com.augustogp.nutrifit.food_item.FoodItemServiceApplication for test class com.augustogp.nutrifit.food_item.FoodItemServiceApplicationTests
20:35:22.793 [main] INFO org.springframework.boot.devtools.restart.RestartApplicationListener -- Restart disabled due to context in which it is running

  .   ____          _            __ _ _
 /\\ / ___'_ __ _ _(_)_ __  __ _ \ \ \ \
( ( )\___ | '_ | '_| | '_ \/ _` | \ \ \ \
 \\/  ___)| |_)| | | | | || (_| |  ) ) ) )
  '  |____| .__|_| |_|_| |_\__, | / / / /
 =========|_|==============|___/=/_/_/_/

 :: Spring Boot ::                (v3.5.3)

2025-07-06T20:35:23.083-03:00  INFO 323440 --- [           main] c.a.n.f.FoodItemServiceApplicationTests  : Starting FoodItemServiceApplicationTests using Java 21.0.2 with PID 323440 (started by augus in C:\Users\augus\Documents\Code\Spring_Boot\nutriFitMicro\food-item-service)
2025-07-06T20:35:23.084-03:00  INFO 323440 --- [           main] c.a.n.f.FoodItemServiceApplicationTests  : No active profile set, falling back to 1 default profile: "default"
2025-07-06T20:35:23.810-03:00  INFO 323440 --- [           main] .s.d.r.c.RepositoryConfigurationDelegate : Bootstrapping Spring Data JPA repositories in DEFAULT mode.
2025-07-06T20:35:23.868-03:00  INFO 323440 --- [           main] .s.d.r.c.RepositoryConfigurationDelegate : Finished Spring Data repository scanning in 47 ms. Found 1 JPA repository interface.
2025-07-06T20:35:24.297-03:00  INFO 323440 --- [           main] o.s.b.w.embedded.tomcat.TomcatWebServer  : Tomcat initialized with port 0 (http)
2025-07-06T20:35:24.311-03:00  INFO 323440 --- [           main] o.apache.catalina.core.StandardService   : Starting service [Tomcat]
2025-07-06T20:35:24.312-03:00  INFO 323440 --- [           main] o.apache.catalina.core.StandardEngine    : Starting Servlet engine: [Apache Tomcat/10.1.42]
2025-07-06T20:35:24.357-03:00  INFO 323440 --- [           main] o.a.c.c.C.[Tomcat].[localhost].[/]       : Initializing Spring embedded WebApplicationContext
2025-07-06T20:35:24.358-03:00  INFO 323440 --- [           main] w.s.c.ServletWebServerApplicationContext : Root WebApplicationContext: initialization completed in 1082 ms
2025-07-06T20:35:24.460-03:00  INFO 323440 --- [           main] org.testcontainers.images.PullPolicy     : Image pull policy will be performed by: DefaultPullPolicy()
2025-07-06T20:35:24.464-03:00  INFO 323440 --- [           main] o.t.utility.ImageNameSubstitutor         : Image name substitution will be performed by: DefaultImageNameSubstitutor (composite of 'ConfigurationFileImageNameSubstitutor' and 'PrefixingImageNameSubstitutor')
2025-07-06T20:35:24.485-03:00  INFO 323440 --- [           main] org.testcontainers.DockerClientFactory   : Testcontainers version: 1.21.2
2025-07-06T20:35:24.709-03:00  INFO 323440 --- [           main] o.t.d.DockerClientProviderStrategy       : Loaded org.testcontainers.dockerclient.NpipeSocketClientProviderStrategy from ~/.testcontainers.properties, will try it first
2025-07-06T20:35:25.063-03:00  INFO 323440 --- [           main] o.t.d.DockerClientProviderStrategy       : Found Docker environment with local Npipe socket (npipe:////./pipe/docker_engine)
2025-07-06T20:35:25.064-03:00  INFO 323440 --- [           main] org.testcontainers.DockerClientFactory   : Docker host IP address is localhost
2025-07-06T20:35:25.082-03:00  INFO 323440 --- [           main] org.testcontainers.DockerClientFactory   : Connected to docker: 
  Server Version: 28.0.4
  API Version: 1.48
  Operating System: Docker Desktop
  Total Memory: 15566 MB
  Labels: 
    com.docker.desktop.address=npipe://\\.\pipe\docker_cli
2025-07-06T20:35:25.115-03:00  INFO 323440 --- [           main] tc.testcontainers/ryuk:0.12.0            : Creating container for image: testcontainers/ryuk:0.12.0
2025-07-06T20:35:25.331-03:00  INFO 323440 --- [           main] tc.testcontainers/ryuk:0.12.0            : Container testcontainers/ryuk:0.12.0 is starting: 57463c13071e6a868576edf9bab5c9d25f382b76db3cd6099755c6f1878b78c4
2025-07-06T20:35:25.703-03:00  INFO 323440 --- [           main] tc.testcontainers/ryuk:0.12.0            : Container testcontainers/ryuk:0.12.0 started in PT0.5884577S
2025-07-06T20:35:25.715-03:00  INFO 323440 --- [           main] o.t.utility.RyukResourceReaper           : Ryuk started - will monitor and terminate Testcontainers containers on JVM exit
2025-07-06T20:35:25.715-03:00  INFO 323440 --- [           main] org.testcontainers.DockerClientFactory   : Checking the system...
2025-07-06T20:35:25.716-03:00  INFO 323440 --- [           main] org.testcontainers.DockerClientFactory   : ✔︎ Docker server version should be at least 1.6.0
2025-07-06T20:35:25.719-03:00  INFO 323440 --- [           main] tc.mysql:8.0                             : Creating container for image: mysql:8.0
2025-07-06T20:35:25.798-03:00  INFO 323440 --- [           main] tc.mysql:8.0                             : Container mysql:8.0 is starting: feca5014d72eb2c0460e597f2c0839308bfeb99282a9a988241e41c5c180ec97
2025-07-06T20:35:26.038-03:00  INFO 323440 --- [           main] tc.mysql:8.0                             : Waiting for database connection to become available at jdbc:mysql://localhost:58800/test using query 'SELECT 1'
2025-07-06T20:35:33.917-03:00  INFO 323440 --- [           main] tc.mysql:8.0                             : Container mysql:8.0 started in PT8.198007S
2025-07-06T20:35:33.918-03:00  INFO 323440 --- [           main] tc.mysql:8.0                             : Container is started (JDBC URL: jdbc:mysql://localhost:58800/test)
2025-07-06T20:35:34.301-03:00  INFO 323440 --- [           main] org.flywaydb.core.FlywayExecutor         : Database: jdbc:mysql://localhost:58800/test (MySQL 8.0)
2025-07-06T20:35:34.647-03:00  INFO 323440 --- [           main] o.f.c.i.s.JdbcTableSchemaHistory         : Schema history table `test`.`flyway_schema_history` does not exist yet
2025-07-06T20:35:34.651-03:00  INFO 323440 --- [           main] o.f.core.internal.command.DbValidate     : Successfully validated 2 migrations (execution time 00:00.022s)
2025-07-06T20:35:34.682-03:00  INFO 323440 --- [           main] o.f.c.i.s.JdbcTableSchemaHistory         : Creating Schema History table `test`.`flyway_schema_history` ...
2025-07-06T20:35:34.753-03:00  INFO 323440 --- [           main] o.f.core.internal.command.DbMigrate      : Current version of schema `test`: << Empty Schema >>
2025-07-06T20:35:34.762-03:00  INFO 323440 --- [           main] o.f.core.internal.command.DbMigrate      : Migrating schema `test` to version "1 - create food item table"
2025-07-06T20:35:34.823-03:00  INFO 323440 --- [           main] o.f.core.internal.command.DbMigrate      : Migrating schema `test` to version "2 - add food items data"
2025-07-06T20:35:34.849-03:00  INFO 323440 --- [           main] o.f.core.internal.command.DbMigrate      : Successfully applied 2 migrations to schema `test`, now at version v2 (execution time 00:00.036s)
2025-07-06T20:35:34.933-03:00  INFO 323440 --- [           main] o.hibernate.jpa.internal.util.LogHelper  : HHH000204: Processing PersistenceUnitInfo [name: default]
2025-07-06T20:35:34.986-03:00  INFO 323440 --- [           main] org.hibernate.Version                    : HHH000412: Hibernate ORM core version 6.6.18.Final
2025-07-06T20:35:35.016-03:00  INFO 323440 --- [           main] o.h.c.internal.RegionFactoryInitiator    : HHH000026: Second-level cache disabled
2025-07-06T20:35:35.290-03:00  INFO 323440 --- [           main] o.s.o.j.p.SpringPersistenceUnitInfo      : No LoadTimeWeaver setup: ignoring JPA class transformer
2025-07-06T20:35:35.321-03:00  INFO 323440 --- [           main] com.zaxxer.hikari.HikariDataSource       : HikariPool-1 - Starting...
2025-07-06T20:35:35.346-03:00  INFO 323440 --- [           main] com.zaxxer.hikari.pool.HikariPool        : HikariPool-1 - Added connection com.mysql.cj.jdbc.ConnectionImpl@7bcef554
2025-07-06T20:35:35.348-03:00  INFO 323440 --- [           main] com.zaxxer.hikari.HikariDataSource       : HikariPool-1 - Start completed.
2025-07-06T20:35:35.415-03:00  INFO 323440 --- [           main] org.hibernate.orm.connections.pooling    : HHH10001005: Database info:
	Database JDBC URL [Connecting through datasource 'HikariDataSource (HikariPool-1)']
	Database driver: undefined/unknown
	Database version: 8.0.42
	Autocommit mode: undefined/unknown
	Isolation level: undefined/unknown
	Minimum pool size: undefined/unknown
	Maximum pool size: undefined/unknown
2025-07-06T20:35:35.422-03:00 DEBUG 323440 --- [           main] o.h.t.d.sql.spi.DdlTypeRegistry          : addDescriptor(12, org.hibernate.type.descriptor.sql.internal.CapacityDependentDdlType@7da45702) replaced previous registration(org.hibernate.type.descriptor.sql.internal.CapacityDependentDdlType@654a5635)
2025-07-06T20:35:35.422-03:00 DEBUG 323440 --- [           main] o.h.t.d.sql.spi.DdlTypeRegistry          : addDescriptor(-9, org.hibernate.type.descriptor.sql.internal.CapacityDependentDdlType@458556e4) replaced previous registration(org.hibernate.type.descriptor.sql.internal.CapacityDependentDdlType@72388b94)
2025-07-06T20:35:35.422-03:00 DEBUG 323440 --- [           main] o.h.t.d.sql.spi.DdlTypeRegistry          : addDescriptor(-3, org.hibernate.type.descriptor.sql.internal.CapacityDependentDdlType@2dfbde96) replaced previous registration(org.hibernate.type.descriptor.sql.internal.CapacityDependentDdlType@1ab7cee2)
2025-07-06T20:35:35.422-03:00 DEBUG 323440 --- [           main] o.h.t.d.sql.spi.DdlTypeRegistry          : addDescriptor(4003, org.hibernate.type.descriptor.sql.internal.DdlTypeImpl@75ea8926) replaced previous registration(org.hibernate.type.descriptor.sql.internal.DdlTypeImpl@4338c824)
2025-07-06T20:35:35.423-03:00 DEBUG 323440 --- [           main] o.h.t.d.sql.spi.DdlTypeRegistry          : addDescriptor(4001, org.hibernate.type.descriptor.sql.internal.DdlTypeImpl@3044b1bb) replaced previous registration(org.hibernate.type.descriptor.sql.internal.DdlTypeImpl@1420b98f)
2025-07-06T20:35:35.423-03:00 DEBUG 323440 --- [           main] o.h.t.d.sql.spi.DdlTypeRegistry          : addDescriptor(4002, org.hibernate.type.descriptor.sql.internal.DdlTypeImpl@35a2a194) replaced previous registration(org.hibernate.type.descriptor.sql.internal.DdlTypeImpl@30de36ec)
2025-07-06T20:35:35.423-03:00 DEBUG 323440 --- [           main] o.h.t.d.sql.spi.DdlTypeRegistry          : addDescriptor(2004, org.hibernate.type.descriptor.sql.internal.CapacityDependentDdlType@25829025) replaced previous registration(org.hibernate.type.descriptor.sql.internal.DdlTypeImpl@347fa9db)
2025-07-06T20:35:35.423-03:00 DEBUG 323440 --- [           main] o.h.t.d.sql.spi.DdlTypeRegistry          : addDescriptor(2005, org.hibernate.type.descriptor.sql.internal.CapacityDependentDdlType@14f110c1) replaced previous registration(org.hibernate.type.descriptor.sql.internal.DdlTypeImpl@55593de5)
2025-07-06T20:35:35.423-03:00 DEBUG 323440 --- [           main] o.h.t.d.sql.spi.DdlTypeRegistry          : addDescriptor(2011, org.hibernate.type.descriptor.sql.internal.CapacityDependentDdlType@64eb8cd3) replaced previous registration(org.hibernate.type.descriptor.sql.internal.DdlTypeImpl@2d93d0e4)
2025-07-06T20:35:36.166-03:00  INFO 323440 --- [           main] o.h.e.t.j.p.i.JtaPlatformInitiator       : HHH000489: No JTA platform available (set 'hibernate.transaction.jta.platform' to enable JTA platform integration)
2025-07-06T20:35:36.180-03:00 DEBUG 323440 --- [           main] org.hibernate.SQL                        : drop table if exists food_item
Hibernate: drop table if exists food_item
2025-07-06T20:35:36.210-03:00 DEBUG 323440 --- [           main] org.hibernate.SQL                        : create table food_item (carbohydrates_per_gram float(53) not null, proteins_per_gram float(53) not null, saturated_fats_per_gram float(53) not null, trans_fats_per_gram float(53) not null, unsaturated_fats_per_gram float(53) not null, id binary(16) not null, name varchar(255), primary key (id)) engine=InnoDB
Hibernate: create table food_item (carbohydrates_per_gram float(53) not null, proteins_per_gram float(53) not null, saturated_fats_per_gram float(53) not null, trans_fats_per_gram float(53) not null, unsaturated_fats_per_gram float(53) not null, id binary(16) not null, name varchar(255), primary key (id)) engine=InnoDB
2025-07-06T20:35:36.229-03:00 DEBUG 323440 --- [           main] org.hibernate.SQL                        : alter table food_item add constraint UK8low9mk7y8416extaym5l12r3 unique (name)
Hibernate: alter table food_item add constraint UK8low9mk7y8416extaym5l12r3 unique (name)
2025-07-06T20:35:36.249-03:00  INFO 323440 --- [           main] j.LocalContainerEntityManagerFactoryBean : Initialized JPA EntityManagerFactory for persistence unit 'default'
2025-07-06T20:35:36.479-03:00  WARN 323440 --- [           main] JpaBaseConfiguration$JpaWebConfiguration : spring.jpa.open-in-view is enabled by default. Therefore, database queries may be performed during view rendering. Explicitly configure spring.jpa.open-in-view to disable this warning
2025-07-06T20:35:36.827-03:00  INFO 323440 --- [           main] o.s.b.w.embedded.tomcat.TomcatWebServer  : Tomcat started on port 58885 (http) with context path '/'
2025-07-06T20:35:36.833-03:00  INFO 323440 --- [           main] c.a.n.f.FoodItemServiceApplicationTests  : Started FoodItemServiceApplicationTests in 14.053 seconds (process running for 15.276)
2025-07-06T20:35:36.856-03:00 DEBUG 323440 --- [           main] o.s.jdbc.datasource.init.ScriptUtils     : Executing SQL script from class path resource [testdata/insert_food_items.sql]
2025-07-06T20:35:36.859-03:00 DEBUG 323440 --- [           main] o.s.jdbc.datasource.init.ScriptUtils     : 10 returned as update count for SQL: INSERT INTO food_item (id, name, proteins_per_gram, carbohydrates_per_gram, saturated_fats_per_gram, unsaturated_fats_per_gram, trans_fats_per_gram) VALUES (UUID_TO_BIN(UUID()), 'Chicken Breast', 0.31, 0.0, 0.01, 0.03, 0.0), (UUID_TO_BIN(UUID()), 'White Rice', 0.025, 0.28, 0.001, 0.002, 0.0), (UUID_TO_BIN(UUID()), 'Avocado', 0.02, 0.09, 0.02, 0.07, 0.0), (UUID_TO_BIN(UUID()), 'Whole Egg', 0.13, 0.01, 0.03, 0.05, 0.001), (UUID_TO_BIN(UUID()), 'Olive Oil', 0.0, 0.0, 0.015, 0.1, 0.0), (UUID_TO_BIN(UUID()), 'Almonds', 0.21, 0.22, 0.04, 0.05, 0.0), (UUID_TO_BIN(UUID()), 'Banana', 0.01, 0.23, 0.001, 0.002, 0.0), (UUID_TO_BIN(UUID()), 'Greek Yogurt', 0.10, 0.04, 0.03, 0.01, 0.0), (UUID_TO_BIN(UUID()), 'Salmon', 0.20, 0.0, 0.03, 0.08, 0.0), (UUID_TO_BIN(UUID()), 'Peanut Butter', 0.25, 0.20, 0.05, 0.08, 0.002)
2025-07-06T20:35:36.860-03:00 DEBUG 323440 --- [           main] o.s.jdbc.datasource.init.ScriptUtils     : Executed SQL script from class path resource [testdata/insert_food_items.sql] in 3 ms.
2025-07-06T20:35:37.781-03:00  INFO 323440 --- [o-auto-1-exec-1] o.a.c.c.C.[Tomcat].[localhost].[/]       : Initializing Spring DispatcherServlet 'dispatcherServlet'
2025-07-06T20:35:37.781-03:00  INFO 323440 --- [o-auto-1-exec-1] o.s.web.servlet.DispatcherServlet        : Initializing Servlet 'dispatcherServlet'
2025-07-06T20:35:37.781-03:00  INFO 323440 --- [o-auto-1-exec-1] o.s.web.servlet.DispatcherServlet        : Completed initialization in 0 ms
2025-07-06T20:35:37.909-03:00 DEBUG 323440 --- [o-auto-1-exec-1] org.hibernate.SQL                        : select fi1_0.id,fi1_0.carbohydrates_per_gram,fi1_0.name,fi1_0.proteins_per_gram,fi1_0.saturated_fats_per_gram,fi1_0.trans_fats_per_gram,fi1_0.unsaturated_fats_per_gram from food_item fi1_0 where fi1_0.name=?
Hibernate: select fi1_0.id,fi1_0.carbohydrates_per_gram,fi1_0.name,fi1_0.proteins_per_gram,fi1_0.saturated_fats_per_gram,fi1_0.trans_fats_per_gram,fi1_0.unsaturated_fats_per_gram from food_item fi1_0 where fi1_0.name=?
2025-07-06T20:35:37.938-03:00  INFO 323440 --- [o-auto-1-exec-1] c.a.n.food_item.service.FoodItemService  : Food Item with name: Avocado found successfully
2025-07-06T20:35:38.058-03:00 DEBUG 323440 --- [o-auto-1-exec-2] org.hibernate.SQL                        : select fi1_0.id,fi1_0.carbohydrates_per_gram,fi1_0.name,fi1_0.proteins_per_gram,fi1_0.saturated_fats_per_gram,fi1_0.trans_fats_per_gram,fi1_0.unsaturated_fats_per_gram from food_item fi1_0 where fi1_0.id=?
Hibernate: select fi1_0.id,fi1_0.carbohydrates_per_gram,fi1_0.name,fi1_0.proteins_per_gram,fi1_0.saturated_fats_per_gram,fi1_0.trans_fats_per_gram,fi1_0.unsaturated_fats_per_gram from food_item fi1_0 where fi1_0.id=?
2025-07-06T20:35:38.082-03:00 DEBUG 323440 --- [o-auto-1-exec-2] org.hibernate.SQL                        : update food_item set carbohydrates_per_gram=?,name=?,proteins_per_gram=?,saturated_fats_per_gram=?,trans_fats_per_gram=?,unsaturated_fats_per_gram=? where id=?
Hibernate: update food_item set carbohydrates_per_gram=?,name=?,proteins_per_gram=?,saturated_fats_per_gram=?,trans_fats_per_gram=?,unsaturated_fats_per_gram=? where id=?
2025-07-06T20:35:38.100-03:00  INFO 323440 --- [o-auto-1-exec-2] c.a.n.food_item.service.FoodItemService  : Food Item with ID: eb27370d-5ac1-11f0-a5d9-e2c843abf16d updated successfully
]]></system-out>
    <system-err><![CDATA[Mockito is currently self-attaching to enable the inline-mock-maker. This will no longer work in future releases of the JDK. Please add Mockito as an agent to your build as described in Mockito's documentation: https://javadoc.io/doc/org.mockito/mockito-core/latest/org.mockito/org/mockito/Mockito.html#0.3
WARNING: A Java agent has been loaded dynamically (C:\Users\augus\.m2\repository\net\bytebuddy\byte-buddy-agent\1.17.6\byte-buddy-agent-1.17.6.jar)
WARNING: If a serviceability tool is in use, please run with -XX:+EnableDynamicAgentLoading to hide this warning
WARNING: If a serviceability tool is not in use, please run with -Djdk.instrument.traceUsage for more information
WARNING: Dynamic loading of agents will be disallowed by default in a future release
]]></system-err>
  </testcase>
  <testcase name="shouldCreateFoodItem" classname="com.augustogp.nutrifit.food_item.FoodItemServiceApplicationTests" time="0.055">
    <system-out><![CDATA[2025-07-06T20:35:38.558-03:00 DEBUG 323440 --- [o-auto-1-exec-3] org.hibernate.SQL                        : insert into food_item (carbohydrates_per_gram,name,proteins_per_gram,saturated_fats_per_gram,trans_fats_per_gram,unsaturated_fats_per_gram,id) values (?,?,?,?,?,?,?)
Hibernate: insert into food_item (carbohydrates_per_gram,name,proteins_per_gram,saturated_fats_per_gram,trans_fats_per_gram,unsaturated_fats_per_gram,id) values (?,?,?,?,?,?,?)
2025-07-06T20:35:38.564-03:00  INFO 323440 --- [o-auto-1-exec-3] c.a.n.food_item.service.FoodItemService  : Food Item created successfully
]]></system-out>
  </testcase>
  <testcase name="shouldDeleteFoodItem" classname="com.augustogp.nutrifit.food_item.FoodItemServiceApplicationTests" time="0.048">
    <system-out><![CDATA[2025-07-06T20:35:38.604-03:00 DEBUG 323440 --- [o-auto-1-exec-4] org.hibernate.SQL                        : select fi1_0.id,fi1_0.carbohydrates_per_gram,fi1_0.name,fi1_0.proteins_per_gram,fi1_0.saturated_fats_per_gram,fi1_0.trans_fats_per_gram,fi1_0.unsaturated_fats_per_gram from food_item fi1_0 where fi1_0.name=?
Hibernate: select fi1_0.id,fi1_0.carbohydrates_per_gram,fi1_0.name,fi1_0.proteins_per_gram,fi1_0.saturated_fats_per_gram,fi1_0.trans_fats_per_gram,fi1_0.unsaturated_fats_per_gram from food_item fi1_0 where fi1_0.name=?
2025-07-06T20:35:38.606-03:00  INFO 323440 --- [o-auto-1-exec-4] c.a.n.food_item.service.FoodItemService  : Food Item with name: Banana found successfully
2025-07-06T20:35:38.621-03:00 DEBUG 323440 --- [o-auto-1-exec-5] org.hibernate.SQL                        : select fi1_0.id,fi1_0.carbohydrates_per_gram,fi1_0.name,fi1_0.proteins_per_gram,fi1_0.saturated_fats_per_gram,fi1_0.trans_fats_per_gram,fi1_0.unsaturated_fats_per_gram from food_item fi1_0 where fi1_0.id=?
Hibernate: select fi1_0.id,fi1_0.carbohydrates_per_gram,fi1_0.name,fi1_0.proteins_per_gram,fi1_0.saturated_fats_per_gram,fi1_0.trans_fats_per_gram,fi1_0.unsaturated_fats_per_gram from food_item fi1_0 where fi1_0.id=?
2025-07-06T20:35:38.629-03:00 DEBUG 323440 --- [o-auto-1-exec-5] org.hibernate.SQL                        : delete from food_item where id=?
Hibernate: delete from food_item where id=?
2025-07-06T20:35:38.635-03:00  INFO 323440 --- [o-auto-1-exec-5] c.a.n.food_item.service.FoodItemService  : Food Item with ID: eb2737be-5ac1-11f0-a5d9-e2c843abf16d deleted successfully
]]></system-out>
  </testcase>
</testsuite>